[debug] [2024-06-28T03:45:27.455Z] ----------------------------------------------------------------------
[debug] [2024-06-28T03:45:27.457Z] Command:       /usr/bin/node /usr/bin/firebase login
[debug] [2024-06-28T03:45:27.457Z] CLI Version:   13.12.0
[debug] [2024-06-28T03:45:27.457Z] Platform:      linux
[debug] [2024-06-28T03:45:27.457Z] Node Version:  v22.3.0
[debug] [2024-06-28T03:45:27.457Z] Time:          Fri Jun 28 2024 11:45:27 GMT+0800 (中国标准时间)
[debug] [2024-06-28T03:45:27.457Z] ----------------------------------------------------------------------
[debug] 
[info] i  Firebase optionally collects CLI and Emulator Suite usage and error reporting information to help improve our products. Data is collected in accordance with Google's privacy policy (https://policies.google.com/privacy) and is not used to identify you.
 
[info] i  To change your data collection preference at any time, run `firebase logout` and log in again. 
[info] 
[info] Visit this URL on this device to log in:
[info] https://accounts.google.com/o/oauth2/auth?client_id=563584335869-fgrhgmd47bqnekij5i8b5pr03ho849e6.apps.googleusercontent.com&scope=email%20openid%20https%3A%2F%2Fwww.googleapis.com%2Fauth%2Fcloudplatformprojects.readonly%20https%3A%2F%2Fwww.googleapis.com%2Fauth%2Ffirebase%20https%3A%2F%2Fwww.googleapis.com%2Fauth%2Fcloud-platform&response_type=code&state=81288840&redirect_uri=http%3A%2F%2Flocalhost%3A9005
[info] 
[info] Waiting for authentication...
[debug] [2024-06-28T03:45:52.026Z] >>> [apiv2][query] POST https://accounts.google.com/o/oauth2/token [none]
[debug] [2024-06-28T03:45:52.026Z] >>> [apiv2][body] POST https://accounts.google.com/o/oauth2/token [omitted]
[debug] [2024-06-28T03:48:05.449Z] *** [apiv2] error from fetch(https://accounts.google.com/o/oauth2/token, {"headers":{},"method":"POST","body":{"_overheadLength":543,"_valueLength":208,"_valuesToMeasure":[],"writable":false,"readable":true,"dataSize":0,"maxDataSize":2097152,"pauseStreams":true,"_released":true,"_streams":[],"_currentStream":null,"_insideLoop":false,"_pendingNext":false,"_boundary":"--------------------------658669359056165218819465","_events":{},"_eventsCount":1}}): FetchError: request to https://accounts.google.com/o/oauth2/token failed, reason: connect ETIMEDOUT 64.233.187.84:443
[debug] [2024-06-28T03:48:05.450Z] Token Fetch Error: FirebaseError: Failed to make request to https://accounts.google.com/o/oauth2/token
    at RetryOperation._fn (/usr/lib/node_modules/firebase-tools/lib/apiv2.js:259:31)
    at process.processTicksAndRejections (node:internal/process/task_queues:95:5)
[debug] [2024-06-28T03:48:05.454Z] >>> [apiv2][query] POST https://auth.firebase.tools/attest [none]
[debug] [2024-06-28T03:48:05.455Z] >>> [apiv2][body] POST https://auth.firebase.tools/attest {"session_id":"11bd4ce8-4513-4a05-aa2a-52e1c279e96b"}
[debug] [2024-06-28T03:48:16.022Z] <<< [apiv2][status] POST https://auth.firebase.tools/attest 200
[debug] [2024-06-28T03:48:16.023Z] <<< [apiv2][body] POST https://auth.firebase.tools/attest {"token":"aSNsSDRO3TNhzOJ8k0I4K8Py7neWngXP6toUVUBb7b4"}
[info] 
[info] To sign in to the Firebase CLI:
[info] 
[info] 1. Take note of your session ID:
[info] 
[info]    11BD4
[info] 
[info] 2. Visit the URL below on any device and follow the instructions to get your code:
[info] 
[info]    https://auth.firebase.tools/login?code_challenge=TurgxBBs-vSVvYJ3ie2sXpn89syDDeRJAjf-6YdAOMk&session=11bd4ce8-4513-4a05-aa2a-52e1c279e96b&attest=aSNsSDRO3TNhzOJ8k0I4K8Py7neWngXP6toUVUBb7b4
[info] 
[info] 3. Paste or enter the authorization code below once you have it:
[info] 
